<?xml version="1.0" encoding="UTF-8"?>
<!-- Generated by org.testng.reporters.JUnitXMLReporter -->
<testsuite hostname="DESKTOP-KRLAL0I" ignored="0" name="Default test" tests="3" failures="0" timestamp="27 May 2019 14:14:05 GMT" time="1.85" errors="0">
  <testcase name="testA" time="0.025" classname="exceldataAPIS.TestA"/>
  <testcase name="testA" time="0.01" classname="exceldataAPIS.TestA"/>
  <testcase name="testA" time="0.003" classname="exceldataAPIS.TestA"/>
</testsuite> <!-- Default test -->
