<?xml version="1.0" encoding="UTF-8"?>
<testng-results skipped="0" failed="0" ignored="0" total="2" passed="2">
  <reporter-output>
  </reporter-output>
  <suite name="Suite" duration-ms="55273" started-at="2019-06-11T13:45:21Z" finished-at="2019-06-11T13:46:16Z">
    <groups>
    </groups>
    <test name="Test" duration-ms="55273" started-at="2019-06-11T13:45:21Z" finished-at="2019-06-11T13:46:16Z">
      <class name="pageobjectmodel.Login">
        <test-method status="PASS" signature="startProcess(java.lang.String)[pri:0, instance:pageobjectmodel.Login@7113b13f]" name="startProcess" is-config="true" duration-ms="23004" started-at="2019-06-11T13:45:21Z" finished-at="2019-06-11T13:45:44Z">
          <params>
            <param index="0">
              <value>
                <![CDATA[chrome]]>
              </value>
            </param>
          </params>
          <reporter-output>
          </reporter-output>
        </test-method> <!-- startProcess -->
        <test-method status="PASS" signature="login()[pri:1, instance:pageobjectmodel.Login@7113b13f]" name="login" duration-ms="4598" started-at="2019-06-11T13:45:44Z" finished-at="2019-06-11T13:45:49Z">
          <reporter-output>
          </reporter-output>
        </test-method> <!-- login -->
        <test-method status="PASS" signature="endProcess()[pri:0, instance:pageobjectmodel.Login@7113b13f]" name="endProcess" is-config="true" duration-ms="1" started-at="2019-06-11T13:45:49Z" finished-at="2019-06-11T13:45:49Z">
          <reporter-output>
          </reporter-output>
        </test-method> <!-- endProcess -->
        <test-method status="PASS" signature="startProcess(java.lang.String)[pri:0, instance:pageobjectmodel.Login@7113b13f]" name="startProcess" is-config="true" duration-ms="14292" started-at="2019-06-11T13:45:49Z" finished-at="2019-06-11T13:46:03Z">
          <params>
            <param index="0">
              <value>
                <![CDATA[chrome]]>
              </value>
            </param>
          </params>
          <reporter-output>
          </reporter-output>
        </test-method> <!-- startProcess -->
        <test-method status="PASS" signature="registration()[pri:2, instance:pageobjectmodel.Login@7113b13f]" name="registration" duration-ms="13329" started-at="2019-06-11T13:46:03Z" finished-at="2019-06-11T13:46:16Z">
          <reporter-output>
          </reporter-output>
        </test-method> <!-- registration -->
        <test-method status="PASS" signature="endProcess()[pri:0, instance:pageobjectmodel.Login@7113b13f]" name="endProcess" is-config="true" duration-ms="0" started-at="2019-06-11T13:46:16Z" finished-at="2019-06-11T13:46:16Z">
          <reporter-output>
          </reporter-output>
        </test-method> <!-- endProcess -->
      </class> <!-- pageobjectmodel.Login -->
    </test> <!-- Test -->
  </suite> <!-- Suite -->
</testng-results>
